<?xml version="1.0" encoding="UTF-8"?>
<testng-results skipped="0" failed="0" ignored="0" total="1" passed="1">
  <reporter-output>
  </reporter-output>
  <suite name="Suite" duration-ms="15915" started-at="2019-12-02T11:24:38Z" finished-at="2019-12-02T11:24:54Z">
    <groups>
    </groups>
    <test name="Test" duration-ms="15915" started-at="2019-12-02T11:24:38Z" finished-at="2019-12-02T11:24:54Z">
      <class name="com.Google.GLaunch">
        <test-method status="PASS" signature="Launchg()[pri:0, instance:com.Google.GLaunch@55f3ddb1]" name="Launchg" duration-ms="15876" started-at="2019-12-02T11:24:39Z" finished-at="2019-12-02T11:24:54Z">
          <reporter-output>
          </reporter-output>
        </test-method> <!-- Launchg -->
      </class> <!-- com.Google.GLaunch -->
    </test> <!-- Test -->
  </suite> <!-- Suite -->
</testng-results>
