<?xml version="1.0" encoding="UTF-8"?>
<testng-results skipped="0" failed="0" ignored="0" total="1" passed="1">
  <reporter-output>
  </reporter-output>
  <suite name="Default suite" duration-ms="18691" started-at="2019-12-02T06:54:03Z" finished-at="2019-12-02T06:54:22Z">
    <groups>
    </groups>
    <test name="Default test" duration-ms="18691" started-at="2019-12-02T06:54:03Z" finished-at="2019-12-02T06:54:22Z">
      <class name="com.Google.GLaunch">
        <test-method status="PASS" signature="Launchg()[pri:0, instance:com.Google.GLaunch@55f3ddb1]" name="Launchg" duration-ms="18669" started-at="2019-12-02T06:54:03Z" finished-at="2019-12-02T06:54:22Z">
          <reporter-output>
          </reporter-output>
        </test-method> <!-- Launchg -->
      </class> <!-- com.Google.GLaunch -->
    </test> <!-- Default test -->
  </suite> <!-- Default suite -->
</testng-results>
